<?xml version="1.0" encoding="UTF-8"?>
<testsuite xmlns:xsi="http://www.w3.org/2001/XMLSchema-instance" xsi:schemaLocation="https://maven.apache.org/surefire/maven-surefire-plugin/xsd/surefire-test-report.xsd" name="CucumberRunner" time="1.056" tests="10" errors="0" skipped="10" failures="0">
  <properties>
    <property name="java.runtime.name" value="Java(TM) SE Runtime Environment"/>
    <property name="java.vm.version" value="12.0.1+12"/>
    <property name="sun.boot.library.path" value="C:\Program Files\Java\jdk-12.0.1\bin"/>
    <property name="maven.multiModuleProjectDirectory" value="C:\Users\rbtcnbl\IdeaProjects\renecanctests"/>
    <property name="java.vm.vendor" value="Oracle Corporation"/>
    <property name="java.vendor.url" value="https://java.oracle.com/"/>
    <property name="guice.disable.misplaced.annotation.check" value="true"/>
    <property name="path.separator" value=";"/>
    <property name="java.vm.name" value="Java HotSpot(TM) 64-Bit Server VM"/>
    <property name="sun.os.patch.level" value=""/>
    <property name="user.script" value=""/>
    <property name="user.country" value="RU"/>
    <property name="sun.java.launcher" value="SUN_STANDARD"/>
    <property name="java.vm.specification.name" value="Java Virtual Machine Specification"/>
    <property name="user.dir" value="C:\Users\rbtcnbl\IdeaProjects\renecanctests"/>
    <property name="java.vm.compressedOopsMode" value="32-bit"/>
    <property name="java.runtime.version" value="12.0.1+12"/>
    <property name="java.awt.graphicsenv" value="sun.awt.Win32GraphicsEnvironment"/>
    <property name="os.arch" value="amd64"/>
    <property name="java.io.tmpdir" value="C:\Users\rbtcnbl\AppData\Local\Temp\"/>
    <property name="line.separator" value="&#10;"/>
    <property name="java.vm.specification.vendor" value="Oracle Corporation"/>
    <property name="user.variant" value=""/>
    <property name="os.name" value="Windows 10"/>
    <property name="classworlds.conf" value="C:\Program Files\maven\bin\..\bin\m2.conf"/>
    <property name="sun.jnu.encoding" value="Cp1251"/>
    <property name="java.library.path" value="C:\Program Files\Java\jdk-12.0.1\bin;C:\Windows\Sun\Java\bin;C:\Windows\system32;C:\Windows;C:\Program Files\JetBrains\IntelliJ IDEA Community Edition 2019.2\jbr\\bin;C:\Program Files\JetBrains\IntelliJ IDEA Community Edition 2019.2\jbr\\bin\server;C:\Program Files\JetBrains\IntelliJ IDEA Community Edition 2019.2\jbr\\bin;C:\Program Files\JetBrains\IntelliJ IDEA Community Edition 2019.2\jbr\\bin\server;C:\Program Files (x86)\Common Files\Oracle\Java\javapath;C:\Program Files\Microsoft MPI\Bin\;C:\Windows\system32;C:\Windows;C:\Windows\System32\Wbem;C:\Windows\System32\WindowsPowerShell\v1.0\;C:\Program Files (x86)\NVIDIA Corporation\PhysX\Common;C:\Program Files\dotnet\;C:\Program Files\Microsoft SQL Server\130\Tools\Binn\;C:\Program Files\Git\cmd;%M2_HOME%\bin;%JAVA_HOME%\bin;C:\Program Files\maven\bin;C:\Users\rbtcnbl\AppData\Local\Microsoft\WindowsApps;C:\Users\rbtcnbl\AppData\Local\GitHubDesktop\bin;C:\Program Files\maven\bin;."/>
    <property name="maven.conf" value="C:\Program Files\maven\bin\../conf"/>
    <property name="jdk.debug" value="release"/>
    <property name="java.class.version" value="56.0"/>
    <property name="java.specification.name" value="Java Platform API Specification"/>
    <property name="sun.management.compiler" value="HotSpot 64-Bit Tiered Compilers"/>
    <property name="os.version" value="10.0"/>
    <property name="library.jansi.path" value="C:\Program Files\maven\bin\..\lib\jansi-native"/>
    <property name="user.home" value="C:\Users\rbtcnbl"/>
    <property name="user.timezone" value="Europe/Moscow"/>
    <property name="file.encoding" value="Cp1251"/>
    <property name="java.specification.version" value="12"/>
    <property name="user.name" value="rbtcnbl"/>
    <property name="java.class.path" value="C:\Program Files\maven\bin\..\boot\plexus-classworlds-2.6.0.jar"/>
    <property name="java.vm.specification.version" value="12"/>
    <property name="sun.arch.data.model" value="64"/>
    <property name="sun.java.command" value="org.codehaus.plexus.classworlds.launcher.Launcher clean test"/>
    <property name="java.home" value="C:\Program Files\Java\jdk-12.0.1"/>
    <property name="user.language" value="ru"/>
    <property name="java.specification.vendor" value="Oracle Corporation"/>
    <property name="awt.toolkit" value="sun.awt.windows.WToolkit"/>
    <property name="java.vm.info" value="mixed mode, sharing"/>
    <property name="java.version" value="12.0.1"/>
    <property name="java.vendor" value="Oracle Corporation"/>
    <property name="sun.stderr.encoding" value="cp866"/>
    <property name="maven.home" value="C:\Program Files\maven\bin\.."/>
    <property name="file.separator" value="\"/>
    <property name="java.version.date" value="2019-04-16"/>
    <property name="java.vendor.url.bug" value="https://bugreport.java.com/bugreport/"/>
    <property name="sun.io.unicode.encoding" value="UnicodeLittle"/>
    <property name="sun.cpu.endian" value="little"/>
    <property name="sun.stdout.encoding" value="cp866"/>
    <property name="sun.desktop" value="windows"/>
    <property name="sun.cpu.isalist" value="amd64"/>
  </properties>
  <testcase name="1 - Расчет процентов по вкладам" classname="Вклады" time="0">
    <skipped/>
    <system-out><![CDATA[Функционал: Вклады

  Сценарий: 1 - Расчет процентов по вкладам                                                    &amp#27;[90m# src/test/resources/features/myfirst.feature:4&amp#27;[0m
    &amp#27;[33mКогда &amp#27;[0m&amp#27;[33mвыбран пункт меню "Вклады"&amp#27;[0m                                                           &amp#27;[90m# null&amp#27;[0m
    &amp#27;[33mКогда &amp#27;[0m&amp#27;[33mвыбрана валюта – "Рубли"&amp#27;[0m                                                             &amp#27;[90m# null&amp#27;[0m
    &amp#27;[33mКогда &amp#27;[0m&amp#27;[33mвыбрана сумма вклада – "300000"&amp#27;[0m                                                      &amp#27;[90m# null&amp#27;[0m
    &amp#27;[33mКогда &amp#27;[0m&amp#27;[33mвыбран срок вклада - "6 месяцев"&amp#27;[0m                                                     &amp#27;[90m# null&amp#27;[0m
    &amp#27;[33mКогда &amp#27;[0m&amp#27;[33mвыбрано ежемесячное пополнение на сумму - "50000"&amp#27;[0m                                    &amp#27;[90m# null&amp#27;[0m
    &amp#27;[33mИ &amp#27;[0m&amp#27;[33mотмечен чекбокс – "Ежемесячная капитализация"&amp#27;[0m                                            &amp#27;[90m# null&amp#27;[0m
    &amp#27;[33mТогда &amp#27;[0m&amp#27;[33mпроверено что автоматически заполнилось поле Ставка - "6.75%"&amp#27;[0m                        &amp#27;[90m# null&amp#27;[0m
    &amp#27;[33mТогда &amp#27;[0m&amp#27;[33mпроверено что автоматически заполнилось поле Начислено - "14 398,21"&amp#27;[0m                 &amp#27;[90m# null&amp#27;[0m
    &amp#27;[33mТогда &amp#27;[0m&amp#27;[33mпроверено что автоматически заполнилось поле Пополнение за 6 месяцев - "250 000"&amp#27;[0m     &amp#27;[90m# null&amp#27;[0m
    &amp#27;[33mТогда &amp#27;[0m&amp#27;[33mпроверено что автоматически заполнилось поле К снятию через 6 месяцев – "564 398,21"&amp#27;[0m &amp#27;[90m# null&amp#27;[0m
]]></system-out>
  </testcase>
  <testcase name="1 - Расчет процентов по вкладам" classname="Вклады" time="0">
    <skipped/>
  </testcase>
  <testcase name="1 - Расчет процентов по вкладам" classname="Вклады" time="0">
    <skipped/>
  </testcase>
  <testcase name="1 - Расчет процентов по вкладам" classname="Вклады" time="0">
    <skipped/>
  </testcase>
  <testcase name="1 - Расчет процентов по вкладам" classname="Вклады" time="0">
    <skipped/>
  </testcase>
  <testcase name="1 - Расчет процентов по вкладам" classname="Вклады" time="0">
    <skipped/>
  </testcase>
  <testcase name="1 - Расчет процентов по вкладам" classname="Вклады" time="0">
    <skipped/>
  </testcase>
  <testcase name="1 - Расчет процентов по вкладам" classname="Вклады" time="0">
    <skipped/>
  </testcase>
  <testcase name="1 - Расчет процентов по вкладам" classname="Вклады" time="0">
    <skipped/>
  </testcase>
  <testcase name="1 - Расчет процентов по вкладам" classname="Вклады" time="0">
    <skipped/>
  </testcase>
</testsuite>